2025-10-16T20:34:43.752+05:30  INFO 6708 --- [product-service] [restartedMain] c.d.p.ProductServiceApplication          : Starting ProductServiceApplication using Java 21.0.8 with PID 6708 (D:\OneDrive\Desktop\EcommProject\ecomm-micro\product-service\target\classes started by divya in D:\OneDrive\Desktop\EcommProject\ecomm-micro\product-service)
2025-10-16T20:34:43.754+05:30  INFO 6708 --- [product-service] [restartedMain] c.d.p.ProductServiceApplication          : No active profile set, falling back to 1 default profile: "default"
2025-10-16T20:34:43.862+05:30  INFO 6708 --- [product-service] [restartedMain] .e.DevToolsPropertyDefaultsPostProcessor : Devtools property defaults active! Set 'spring.devtools.add-properties' to 'false' to disable
2025-10-16T20:34:43.865+05:30  INFO 6708 --- [product-service] [restartedMain] .e.DevToolsPropertyDefaultsPostProcessor : For additional web related logging consider setting the 'logging.level.web' property to 'DEBUG'
2025-10-16T20:34:45.553+05:30  INFO 6708 --- [product-service] [restartedMain] .s.d.r.c.RepositoryConfigurationDelegate : Bootstrapping Spring Data JPA repositories in DEFAULT mode.
2025-10-16T20:34:46.434+05:30  INFO 6708 --- [product-service] [restartedMain] .s.d.r.c.RepositoryConfigurationDelegate : Finished Spring Data repository scanning in 564 ms. Found 1 JPA repository interface.
2025-10-16T20:34:47.461+05:30  INFO 6708 --- [product-service] [restartedMain] o.s.b.w.embedded.tomcat.TomcatWebServer  : Tomcat initialized with port 8081 (http)
2025-10-16T20:34:47.489+05:30  INFO 6708 --- [product-service] [restartedMain] o.apache.catalina.core.StandardService   : Starting service [Tomcat]
2025-10-16T20:34:47.489+05:30  INFO 6708 --- [product-service] [restartedMain] o.apache.catalina.core.StandardEngine    : Starting Servlet engine: [Apache Tomcat/10.1.46]
2025-10-16T20:34:47.572+05:30  INFO 6708 --- [product-service] [restartedMain] o.a.c.c.C.[Tomcat].[localhost].[/]       : Initializing Spring embedded WebApplicationContext
2025-10-16T20:34:47.574+05:30  INFO 6708 --- [product-service] [restartedMain] w.s.c.ServletWebServerApplicationContext : Root WebApplicationContext: initialization completed in 3709 ms
2025-10-16T20:34:47.871+05:30  INFO 6708 --- [product-service] [restartedMain] o.hibernate.jpa.internal.util.LogHelper  : HHH000204: Processing PersistenceUnitInfo [name: default]
2025-10-16T20:34:47.984+05:30  INFO 6708 --- [product-service] [restartedMain] org.hibernate.Version                    : HHH000412: Hibernate ORM core version 6.6.29.Final
2025-10-16T20:34:48.047+05:30  INFO 6708 --- [product-service] [restartedMain] o.h.c.internal.RegionFactoryInitiator    : HHH000026: Second-level cache disabled
2025-10-16T20:34:48.599+05:30  INFO 6708 --- [product-service] [restartedMain] o.s.o.j.p.SpringPersistenceUnitInfo      : No LoadTimeWeaver setup: ignoring JPA class transformer
2025-10-16T20:34:48.656+05:30  INFO 6708 --- [product-service] [restartedMain] com.zaxxer.hikari.HikariDataSource       : HikariPool-1 - Starting...
2025-10-16T20:34:48.971+05:30  INFO 6708 --- [product-service] [restartedMain] com.zaxxer.hikari.pool.HikariPool        : HikariPool-1 - Added connection org.postgresql.jdbc.PgConnection@50a9d20b
2025-10-16T20:34:48.975+05:30  INFO 6708 --- [product-service] [restartedMain] com.zaxxer.hikari.HikariDataSource       : HikariPool-1 - Start completed.
2025-10-16T20:34:49.047+05:30  WARN 6708 --- [product-service] [restartedMain] org.hibernate.orm.deprecation            : HHH90000025: PostgreSQLDialect does not need to be specified explicitly using 'hibernate.dialect' (remove the property setting and it will be selected by default)
2025-10-16T20:34:49.087+05:30  INFO 6708 --- [product-service] [restartedMain] org.hibernate.orm.connections.pooling    : HHH10001005: Database info:
	Database JDBC URL [Connecting through datasource 'HikariDataSource (HikariPool-1)']
	Database driver: undefined/unknown
	Database version: 17.6
	Autocommit mode: undefined/unknown
	Isolation level: undefined/unknown
	Minimum pool size: undefined/unknown
	Maximum pool size: undefined/unknown
2025-10-16T20:34:50.646+05:30  INFO 6708 --- [product-service] [restartedMain] o.h.e.t.j.p.i.JtaPlatformInitiator       : HHH000489: No JTA platform available (set 'hibernate.transaction.jta.platform' to enable JTA platform integration)
2025-10-16T20:34:50.760+05:30  INFO 6708 --- [product-service] [restartedMain] j.LocalContainerEntityManagerFactoryBean : Initialized JPA EntityManagerFactory for persistence unit 'default'
2025-10-16T20:34:51.384+05:30  WARN 6708 --- [product-service] [restartedMain] JpaBaseConfiguration$JpaWebConfiguration : spring.jpa.open-in-view is enabled by default. Therefore, database queries may be performed during view rendering. Explicitly configure spring.jpa.open-in-view to disable this warning
2025-10-16T20:34:52.030+05:30  INFO 6708 --- [product-service] [restartedMain] o.s.b.d.a.OptionalLiveReloadServer       : LiveReload server is running on port 35729
2025-10-16T20:34:52.113+05:30  INFO 6708 --- [product-service] [restartedMain] o.s.b.w.embedded.tomcat.TomcatWebServer  : Tomcat started on port 8081 (http) with context path '/'
2025-10-16T20:34:52.125+05:30  INFO 6708 --- [product-service] [restartedMain] c.d.p.ProductServiceApplication          : Started ProductServiceApplication in 9.463 seconds (process running for 11.081)
2025-10-16T20:35:18.997+05:30  INFO 6708 --- [product-service] [http-nio-8081-exec-1] o.a.c.c.C.[Tomcat].[localhost].[/]       : Initializing Spring DispatcherServlet 'dispatcherServlet'
2025-10-16T20:35:19.003+05:30  INFO 6708 --- [product-service] [http-nio-8081-exec-1] o.s.web.servlet.DispatcherServlet        : Initializing Servlet 'dispatcherServlet'
2025-10-16T20:35:19.041+05:30  INFO 6708 --- [product-service] [http-nio-8081-exec-1] o.s.web.servlet.DispatcherServlet        : Completed initialization in 36 ms
2025-10-16T20:35:19.917+05:30  INFO 6708 --- [product-service] [http-nio-8081-exec-1] c.d.p.controller.ProductController       : Product created : ProductResponse[name=jake, description=Compact earbuds with charging case and touch control, price=500, imageUrl=https://example.com/images/earbuds.jpg, category=Electronics] 
2025-10-16T20:35:37.849+05:30  INFO 6708 --- [product-service] [http-nio-8081-exec-3] c.d.p.controller.ProductController       : Product created : ProductResponse[name=jake, description=Compact earbuds with charging case and touch control, price=500, imageUrl=https://example.com/images/earbuds.jpg, category=Electronics] 
2025-10-16T20:35:48.153+05:30  INFO 6708 --- [product-service] [http-nio-8081-exec-4] c.d.p.controller.ProductController       : Product created : ProductResponse[name=jake, description=Compact earbuds with charging case and touch control, price=500, imageUrl=https://example.com/images/earbuds.jpg, category=Electronics] 
2025-10-16T20:39:56.537+05:30  INFO 6708 --- [product-service] [File Watcher] rtingClassPathChangeChangedEventListener : Restarting due to 1 class path change (0 additions, 0 deletions, 1 modification)
2025-10-16T20:39:56.562+05:30  INFO 6708 --- [product-service] [Thread-5] o.s.b.w.e.tomcat.GracefulShutdown        : Commencing graceful shutdown. Waiting for active requests to complete
2025-10-16T20:39:56.594+05:30  INFO 6708 --- [product-service] [tomcat-shutdown] o.s.b.w.e.tomcat.GracefulShutdown        : Graceful shutdown complete
2025-10-16T20:39:56.615+05:30  INFO 6708 --- [product-service] [Thread-5] j.LocalContainerEntityManagerFactoryBean : Closing JPA EntityManagerFactory for persistence unit 'default'
2025-10-16T20:39:56.645+05:30  INFO 6708 --- [product-service] [Thread-5] com.zaxxer.hikari.HikariDataSource       : HikariPool-1 - Shutdown initiated...
2025-10-16T20:39:56.656+05:30  INFO 6708 --- [product-service] [Thread-5] com.zaxxer.hikari.HikariDataSource       : HikariPool-1 - Shutdown completed.
2025-10-16T20:39:57.044+05:30  INFO 6708 --- [product-service] [restartedMain] c.d.p.ProductServiceApplication          : Starting ProductServiceApplication using Java 21.0.8 with PID 6708 (D:\OneDrive\Desktop\EcommProject\ecomm-micro\product-service\target\classes started by divya in D:\OneDrive\Desktop\EcommProject\ecomm-micro\product-service)
2025-10-16T20:39:57.045+05:30  INFO 6708 --- [product-service] [restartedMain] c.d.p.ProductServiceApplication          : No active profile set, falling back to 1 default profile: "default"
2025-10-16T20:39:57.514+05:30  INFO 6708 --- [product-service] [restartedMain] .s.d.r.c.RepositoryConfigurationDelegate : Bootstrapping Spring Data JPA repositories in DEFAULT mode.
2025-10-16T20:39:57.549+05:30  INFO 6708 --- [product-service] [restartedMain] .s.d.r.c.RepositoryConfigurationDelegate : Finished Spring Data repository scanning in 32 ms. Found 1 JPA repository interface.
2025-10-16T20:39:57.870+05:30  INFO 6708 --- [product-service] [restartedMain] o.s.b.w.embedded.tomcat.TomcatWebServer  : Tomcat initialized with port 8081 (http)
2025-10-16T20:39:57.874+05:30  INFO 6708 --- [product-service] [restartedMain] o.apache.catalina.core.StandardService   : Starting service [Tomcat]
2025-10-16T20:39:57.875+05:30  INFO 6708 --- [product-service] [restartedMain] o.apache.catalina.core.StandardEngine    : Starting Servlet engine: [Apache Tomcat/10.1.46]
2025-10-16T20:39:57.928+05:30  INFO 6708 --- [product-service] [restartedMain] o.a.c.c.C.[Tomcat].[localhost].[/]       : Initializing Spring embedded WebApplicationContext
2025-10-16T20:39:57.928+05:30  INFO 6708 --- [product-service] [restartedMain] w.s.c.ServletWebServerApplicationContext : Root WebApplicationContext: initialization completed in 875 ms
2025-10-16T20:39:58.029+05:30  INFO 6708 --- [product-service] [restartedMain] o.hibernate.jpa.internal.util.LogHelper  : HHH000204: Processing PersistenceUnitInfo [name: default]
2025-10-16T20:39:58.036+05:30  INFO 6708 --- [product-service] [restartedMain] o.h.c.internal.RegionFactoryInitiator    : HHH000026: Second-level cache disabled
2025-10-16T20:39:58.059+05:30  INFO 6708 --- [product-service] [restartedMain] o.s.o.j.p.SpringPersistenceUnitInfo      : No LoadTimeWeaver setup: ignoring JPA class transformer
2025-10-16T20:39:58.061+05:30  INFO 6708 --- [product-service] [restartedMain] com.zaxxer.hikari.HikariDataSource       : HikariPool-2 - Starting...
2025-10-16T20:39:58.198+05:30  INFO 6708 --- [product-service] [restartedMain] com.zaxxer.hikari.pool.HikariPool        : HikariPool-2 - Added connection org.postgresql.jdbc.PgConnection@296f78e2
2025-10-16T20:39:58.199+05:30  INFO 6708 --- [product-service] [restartedMain] com.zaxxer.hikari.HikariDataSource       : HikariPool-2 - Start completed.
2025-10-16T20:39:58.237+05:30  WARN 6708 --- [product-service] [restartedMain] org.hibernate.orm.deprecation            : HHH90000025: PostgreSQLDialect does not need to be specified explicitly using 'hibernate.dialect' (remove the property setting and it will be selected by default)
2025-10-16T20:39:58.242+05:30  INFO 6708 --- [product-service] [restartedMain] org.hibernate.orm.connections.pooling    : HHH10001005: Database info:
	Database JDBC URL [Connecting through datasource 'HikariDataSource (HikariPool-2)']
	Database driver: undefined/unknown
	Database version: 17.6
	Autocommit mode: undefined/unknown
	Isolation level: undefined/unknown
	Minimum pool size: undefined/unknown
	Maximum pool size: undefined/unknown
2025-10-16T20:39:58.360+05:30  INFO 6708 --- [product-service] [restartedMain] o.h.e.t.j.p.i.JtaPlatformInitiator       : HHH000489: No JTA platform available (set 'hibernate.transaction.jta.platform' to enable JTA platform integration)
2025-10-16T20:39:58.434+05:30  INFO 6708 --- [product-service] [restartedMain] j.LocalContainerEntityManagerFactoryBean : Initialized JPA EntityManagerFactory for persistence unit 'default'
2025-10-16T20:39:58.620+05:30  WARN 6708 --- [product-service] [restartedMain] JpaBaseConfiguration$JpaWebConfiguration : spring.jpa.open-in-view is enabled by default. Therefore, database queries may be performed during view rendering. Explicitly configure spring.jpa.open-in-view to disable this warning
2025-10-16T20:39:58.927+05:30  INFO 6708 --- [product-service] [restartedMain] o.s.b.d.a.OptionalLiveReloadServer       : LiveReload server is running on port 35729
2025-10-16T20:39:58.958+05:30  INFO 6708 --- [product-service] [restartedMain] o.s.b.w.embedded.tomcat.TomcatWebServer  : Tomcat started on port 8081 (http) with context path '/'
2025-10-16T20:39:58.969+05:30  INFO 6708 --- [product-service] [restartedMain] c.d.p.ProductServiceApplication          : Started ProductServiceApplication in 2.053 seconds (process running for 317.919)
2025-10-16T20:39:58.975+05:30  INFO 6708 --- [product-service] [restartedMain] .ConditionEvaluationDeltaLoggingListener : Condition evaluation unchanged
2025-10-16T20:47:48.661+05:30  INFO 6708 --- [product-service] [SpringApplicationShutdownHook] o.s.b.w.e.tomcat.GracefulShutdown        : Commencing graceful shutdown. Waiting for active requests to complete
2025-10-16T20:47:48.698+05:30  INFO 6708 --- [product-service] [tomcat-shutdown] o.s.b.w.e.tomcat.GracefulShutdown        : Graceful shutdown complete
2025-10-16T20:47:48.709+05:30  INFO 6708 --- [product-service] [SpringApplicationShutdownHook] j.LocalContainerEntityManagerFactoryBean : Closing JPA EntityManagerFactory for persistence unit 'default'
2025-10-16T20:47:48.719+05:30  INFO 6708 --- [product-service] [SpringApplicationShutdownHook] com.zaxxer.hikari.HikariDataSource       : HikariPool-2 - Shutdown initiated...
2025-10-16T20:47:48.730+05:30  INFO 6708 --- [product-service] [SpringApplicationShutdownHook] com.zaxxer.hikari.HikariDataSource       : HikariPool-2 - Shutdown completed.
2025-10-16T20:47:53.393+05:30  INFO 10844 --- [product-service] [restartedMain] c.d.p.ProductServiceApplication          : Starting ProductServiceApplication using Java 21.0.8 with PID 10844 (D:\OneDrive\Desktop\EcommProject\ecomm-micro\product-service\target\classes started by divya in D:\OneDrive\Desktop\EcommProject\ecomm-micro\product-service)
2025-10-16T20:47:53.398+05:30  INFO 10844 --- [product-service] [restartedMain] c.d.p.ProductServiceApplication          : No active profile set, falling back to 1 default profile: "default"
2025-10-16T20:47:53.478+05:30  INFO 10844 --- [product-service] [restartedMain] .e.DevToolsPropertyDefaultsPostProcessor : Devtools property defaults active! Set 'spring.devtools.add-properties' to 'false' to disable
2025-10-16T20:47:53.478+05:30  INFO 10844 --- [product-service] [restartedMain] .e.DevToolsPropertyDefaultsPostProcessor : For additional web related logging consider setting the 'logging.level.web' property to 'DEBUG'
2025-10-16T20:47:54.742+05:30  INFO 10844 --- [product-service] [restartedMain] .s.d.r.c.RepositoryConfigurationDelegate : Bootstrapping Spring Data JPA repositories in DEFAULT mode.
2025-10-16T20:47:54.862+05:30  INFO 10844 --- [product-service] [restartedMain] .s.d.r.c.RepositoryConfigurationDelegate : Finished Spring Data repository scanning in 100 ms. Found 1 JPA repository interface.
2025-10-16T20:47:55.815+05:30  INFO 10844 --- [product-service] [restartedMain] o.s.b.w.embedded.tomcat.TomcatWebServer  : Tomcat initialized with port 8081 (http)
2025-10-16T20:47:55.843+05:30  INFO 10844 --- [product-service] [restartedMain] o.apache.catalina.core.StandardService   : Starting service [Tomcat]
2025-10-16T20:47:55.844+05:30  INFO 10844 --- [product-service] [restartedMain] o.apache.catalina.core.StandardEngine    : Starting Servlet engine: [Apache Tomcat/10.1.46]
2025-10-16T20:47:55.939+05:30  INFO 10844 --- [product-service] [restartedMain] o.a.c.c.C.[Tomcat].[localhost].[/]       : Initializing Spring embedded WebApplicationContext
2025-10-16T20:47:55.940+05:30  INFO 10844 --- [product-service] [restartedMain] w.s.c.ServletWebServerApplicationContext : Root WebApplicationContext: initialization completed in 2459 ms
2025-10-16T20:47:56.269+05:30  INFO 10844 --- [product-service] [restartedMain] o.hibernate.jpa.internal.util.LogHelper  : HHH000204: Processing PersistenceUnitInfo [name: default]
2025-10-16T20:47:56.397+05:30  INFO 10844 --- [product-service] [restartedMain] org.hibernate.Version                    : HHH000412: Hibernate ORM core version 6.6.29.Final
2025-10-16T20:47:56.467+05:30  INFO 10844 --- [product-service] [restartedMain] o.h.c.internal.RegionFactoryInitiator    : HHH000026: Second-level cache disabled
2025-10-16T20:47:57.065+05:30  INFO 10844 --- [product-service] [restartedMain] o.s.o.j.p.SpringPersistenceUnitInfo      : No LoadTimeWeaver setup: ignoring JPA class transformer
2025-10-16T20:47:57.130+05:30  INFO 10844 --- [product-service] [restartedMain] com.zaxxer.hikari.HikariDataSource       : HikariPool-1 - Starting...
2025-10-16T20:47:57.525+05:30  INFO 10844 --- [product-service] [restartedMain] com.zaxxer.hikari.pool.HikariPool        : HikariPool-1 - Added connection org.postgresql.jdbc.PgConnection@224f920a
2025-10-16T20:47:57.528+05:30  INFO 10844 --- [product-service] [restartedMain] com.zaxxer.hikari.HikariDataSource       : HikariPool-1 - Start completed.
2025-10-16T20:47:57.616+05:30  WARN 10844 --- [product-service] [restartedMain] org.hibernate.orm.deprecation            : HHH90000025: PostgreSQLDialect does not need to be specified explicitly using 'hibernate.dialect' (remove the property setting and it will be selected by default)
2025-10-16T20:47:57.659+05:30  INFO 10844 --- [product-service] [restartedMain] org.hibernate.orm.connections.pooling    : HHH10001005: Database info:
	Database JDBC URL [Connecting through datasource 'HikariDataSource (HikariPool-1)']
	Database driver: undefined/unknown
	Database version: 17.6
	Autocommit mode: undefined/unknown
	Isolation level: undefined/unknown
	Minimum pool size: undefined/unknown
	Maximum pool size: undefined/unknown
2025-10-16T20:47:59.281+05:30  INFO 10844 --- [product-service] [restartedMain] o.h.e.t.j.p.i.JtaPlatformInitiator       : HHH000489: No JTA platform available (set 'hibernate.transaction.jta.platform' to enable JTA platform integration)
2025-10-16T20:47:59.396+05:30  INFO 10844 --- [product-service] [restartedMain] j.LocalContainerEntityManagerFactoryBean : Initialized JPA EntityManagerFactory for persistence unit 'default'
2025-10-16T20:48:00.069+05:30  WARN 10844 --- [product-service] [restartedMain] JpaBaseConfiguration$JpaWebConfiguration : spring.jpa.open-in-view is enabled by default. Therefore, database queries may be performed during view rendering. Explicitly configure spring.jpa.open-in-view to disable this warning
2025-10-16T20:48:00.768+05:30  INFO 10844 --- [product-service] [restartedMain] o.s.b.d.a.OptionalLiveReloadServer       : LiveReload server is running on port 35729
2025-10-16T20:48:00.854+05:30  INFO 10844 --- [product-service] [restartedMain] o.s.b.w.embedded.tomcat.TomcatWebServer  : Tomcat started on port 8081 (http) with context path '/'
2025-10-16T20:48:00.869+05:30  INFO 10844 --- [product-service] [restartedMain] c.d.p.ProductServiceApplication          : Started ProductServiceApplication in 8.467 seconds (process running for 10.068)
2025-10-16T21:04:59.492+05:30  INFO 10844 --- [product-service] [SpringApplicationShutdownHook] o.s.b.w.e.tomcat.GracefulShutdown        : Commencing graceful shutdown. Waiting for active requests to complete
2025-10-16T21:04:59.518+05:30  INFO 10844 --- [product-service] [tomcat-shutdown] o.s.b.w.e.tomcat.GracefulShutdown        : Graceful shutdown complete
2025-10-16T21:04:59.533+05:30  INFO 10844 --- [product-service] [SpringApplicationShutdownHook] j.LocalContainerEntityManagerFactoryBean : Closing JPA EntityManagerFactory for persistence unit 'default'
2025-10-16T21:04:59.558+05:30  INFO 10844 --- [product-service] [SpringApplicationShutdownHook] com.zaxxer.hikari.HikariDataSource       : HikariPool-1 - Shutdown initiated...
2025-10-16T21:04:59.564+05:30  INFO 10844 --- [product-service] [SpringApplicationShutdownHook] com.zaxxer.hikari.HikariDataSource       : HikariPool-1 - Shutdown completed.
